[2026-04-16T09:08:21Z] === ENRICH ITERATION 1 START | repo=python-hyper/h11 sha=1c5b0758 ===
[2026-04-16T09:08:21Z] [iter=1] PHASE START: enrich repo=python-hyper/h11 sha=1c5b0758 runlog=/home/runner/work/forx/forx/storage/aggregate/lsp/logs/1c5b0758-enrich-iter-001.log output=/home/runner/work/forx/forx/storage/aggregate/lsp/1c5b07581f058886c8bdd87adababd7d959dc7ca.nq.gz
[2026-04-16T09:08:21Z] [iter=1] Step 1: Loading AST into disk-backed store mem_mb=77 MB
[2026-04-16T09:08:23Z] [iter=1] AST store loaded triples=233761 load_secs=2 mem_mb=420 MB
[2026-04-16T09:08:23Z] [iter=1] Step 2: Finding LSP targets mem_mb=420 MB
[2026-04-16T09:08:24Z] [iter=1] LSP targets found call_sites=1829 imports=80 extends=33 implements=0 secs=0
[2026-04-16T09:08:24Z] [iter=1] Step 2.7: Building position index (one-shot, shared across resolvers) mem_mb=420 MB
[2026-04-16T09:08:25Z] [iter=1] Position index built positions=16005 nodes_with_types=20569 secs=1 mem_mb=420 MB
[2026-04-16T09:08:25Z] [iter=1] Step 3: Starting LSP resolution mem_mb=420 MB already_completed_types=[] already_completed_files=0
[2026-04-16T09:08:25Z] [iter=1] Resolving target type target_type=call_site count=1829
[2026-04-16T09:09:32Z] [iter=1] HEARTBEAT target_type=call_site elapsed_min=1.2 files_done=4 resolved=64 errors=709 current=examples/basic-client.py
[2026-04-16T09:10:03Z] [iter=1] HEARTBEAT target_type=call_site elapsed_min=1.7 files_done=14 resolved=194 errors=1033 current=h11/tests/test_headers.py
[2026-04-16T09:10:35Z] [iter=1] HEARTBEAT target_type=call_site elapsed_min=2.2 files_done=28 resolved=318 errors=1354 current=docs/source/_static/show-code.js
[2026-04-16T09:10:37Z] [iter=1] Target type resolved target_type=call_site resolved=318 errors=1366 secs=132 mem_mb=420 MB
[2026-04-16T09:10:37Z] [iter=1] Resolving target type target_type=import_statement count=80
[2026-04-16T09:10:40Z] [iter=1] Target type resolved target_type=import_statement resolved=71 errors=0 secs=3 mem_mb=420 MB
[2026-04-16T09:10:40Z] [iter=1] Resolving target type target_type=extends_clause count=33
[2026-04-16T09:10:42Z] [iter=1] Target type resolved target_type=extends_clause resolved=33 errors=0 secs=1 mem_mb=420 MB
[2026-04-16T09:10:46Z] [iter=1] Step 5: Writing final enrichment file triples=14460
[2026-04-16T09:10:46Z] [iter=1] Enrichment file written path=/home/runner/work/forx/forx/storage/aggregate/lsp/1c5b07581f058886c8bdd87adababd7d959dc7ca.nq.gz size_kb=266
[2026-04-16T09:10:46Z] [iter=1] PHASE END: enrich elapsed_s=144 elapsed_min=2.4 total_triples=14460
